

============================== 2022-09-27 19:55:58.792533 | 4d29862f-635b-4d2f-91c3-6afca756e61f ==============================
19:55:58.792533 [info ] [MainThread]: Running with dbt=1.1.1
19:55:58.792533 [debug] [MainThread]: running dbt with arguments {'write_json': True, 'use_colors': True, 'printer_width': 80, 'version_check': True, 'partial_parse': True, 'static_parser': True, 'profiles_dir': 'C:\\Users\\kings\\.dbt', 'send_anonymous_usage_stats': True, 'event_buffer_size': 100000, 'quiet': False, 'no_print': False, 'skip_profile_setup': False, 'which': 'init', 'indirect_selection': 'eager'}
19:55:58.792533 [debug] [MainThread]: Tracking: tracking
19:55:58.808158 [debug] [MainThread]: Sending event: {'category': 'dbt', 'action': 'invocation', 'label': 'start', 'context': [<snowplow_tracker.self_describing_json.SelfDescribingJson object at 0x0000020DB5D75F60>, <snowplow_tracker.self_describing_json.SelfDescribingJson object at 0x0000020DB5D75E10>, <snowplow_tracker.self_describing_json.SelfDescribingJson object at 0x0000020DB5D76110>]}
19:56:31.760236 [debug] [MainThread]: Starter project path: C:\Users\kings\AppData\Local\Programs\Python\Python310\lib\site-packages\dbt\include\starter_project
19:56:53.475596 [info ] [MainThread]: 
Your new dbt project "dbt_postgres" was created!

For more information on how to configure the profiles.yml file,
please consult the dbt documentation here:

  https://docs.getdbt.com/docs/configure-your-profile

One more thing:

Need help? Don't hesitate to reach out to us via GitHub issues or on Slack:

  https://community.getdbt.com/

Happy modeling!

19:56:53.475596 [debug] [MainThread]: Sending event: {'category': 'dbt', 'action': 'invocation', 'label': 'end', 'context': [<snowplow_tracker.self_describing_json.SelfDescribingJson object at 0x0000020DB5D752A0>, <snowplow_tracker.self_describing_json.SelfDescribingJson object at 0x0000020DB5D76FE0>, <snowplow_tracker.self_describing_json.SelfDescribingJson object at 0x0000020DB5D77A60>]}


============================== 2022-09-27 20:01:56.575427 | c69b189b-591c-490b-ae7f-2b62a10fb28f ==============================
20:01:56.575427 [info ] [MainThread]: Running with dbt=1.1.1
20:01:56.575427 [debug] [MainThread]: running dbt with arguments {'write_json': True, 'use_colors': True, 'printer_width': 80, 'version_check': True, 'partial_parse': True, 'static_parser': True, 'profiles_dir': 'C:\\Users\\kings\\.dbt', 'send_anonymous_usage_stats': True, 'event_buffer_size': 100000, 'quiet': False, 'no_print': False, 'config_dir': False, 'which': 'debug', 'indirect_selection': 'eager'}
20:01:56.575427 [debug] [MainThread]: Tracking: tracking
20:01:56.591074 [debug] [MainThread]: Sending event: {'category': 'dbt', 'action': 'invocation', 'label': 'start', 'context': [<snowplow_tracker.self_describing_json.SelfDescribingJson object at 0x000001E0DC6166E0>, <snowplow_tracker.self_describing_json.SelfDescribingJson object at 0x000001E0DC6164D0>, <snowplow_tracker.self_describing_json.SelfDescribingJson object at 0x000001E0DC616860>]}
20:01:56.669626 [debug] [MainThread]: Executing "git --help"
20:01:56.700897 [debug] [MainThread]: STDOUT: "b"usage: git [--version] [--help] [-C <path>] [-c <name>=<value>]\n           [--exec-path[=<path>]] [--html-path] [--man-path] [--info-path]\n           [-p | --paginate | -P | --no-pager] [--no-replace-objects] [--bare]\n           [--git-dir=<path>] [--work-tree=<path>] [--namespace=<name>]\n           [--super-prefix=<path>] [--config-env=<name>=<envvar>]\n           <command> [<args>]\n\nThese are common Git commands used in various situations:\n\nstart a working area (see also: git help tutorial)\n   clone     Clone a repository into a new directory\n   init      Create an empty Git repository or reinitialize an existing one\n\nwork on the current change (see also: git help everyday)\n   add       Add file contents to the index\n   mv        Move or rename a file, a directory, or a symlink\n   restore   Restore working tree files\n   rm        Remove files from the working tree and from the index\n\nexamine the history and state (see also: git help revisions)\n   bisect    Use binary search to find the commit that introduced a bug\n   diff      Show changes between commits, commit and working tree, etc\n   grep      Print lines matching a pattern\n   log       Show commit logs\n   show      Show various types of objects\n   status    Show the working tree status\n\ngrow, mark and tweak your common history\n   branch    List, create, or delete branches\n   commit    Record changes to the repository\n   merge     Join two or more development histories together\n   rebase    Reapply commits on top of another base tip\n   reset     Reset current HEAD to the specified state\n   switch    Switch branches\n   tag       Create, list, delete or verify a tag object signed with GPG\n\ncollaborate (see also: git help workflows)\n   fetch     Download objects and refs from another repository\n   pull      Fetch from and integrate with another repository or a local branch\n   push      Update remote refs along with associated objects\n\n'git help -a' and 'git help -g' list available subcommands and some\nconcept guides. See 'git help <command>' or 'git help <concept>'\nto read about a specific subcommand or concept.\nSee 'git help git' for an overview of the system.\n""
20:01:56.700897 [debug] [MainThread]: STDERR: "b''"
20:01:56.700897 [debug] [MainThread]: Sending event: {'category': 'dbt', 'action': 'invocation', 'label': 'end', 'context': [<snowplow_tracker.self_describing_json.SelfDescribingJson object at 0x000001E0DC616830>, <snowplow_tracker.self_describing_json.SelfDescribingJson object at 0x000001E0DC6FD8A0>, <snowplow_tracker.self_describing_json.SelfDescribingJson object at 0x000001E0DC719FF0>]}
